<?xml version="1.0" encoding="UTF-8"?>
<!-- Generated by org.testng.reporters.JUnitReportReporter -->
<testsuite hostname="DESKTOP-3JEN6LT" failures="0" tests="2" name="source.Trainingmyself" time="0.041" errors="0" timestamp="2021-05-15T12:31:14 IST" skipped="0">
  <testcase classname="source.Trainingmyself" name="method2" time="0.008"/>
  <system-out/>
  <testcase classname="source.Trainingmyself" name="method1" time="0.033"/>
  <system-out/>
</testsuite> <!-- source.Trainingmyself -->
