<?xml version="1.0" encoding="UTF-8"?>
<!-- Generated by org.testng.reporters.JUnitReportReporter -->
<testsuite skipped="0" hostname="DESKTOP-3JEN6LT" name="com.testing.moduleone.Mymoduleone" tests="4" failures="0" timestamp="2021-05-17T12:39:15 IST" time="2.229" errors="0">
  <testcase name="verifysix" time="0.007" classname="com.testing.moduleone.Mymoduleone"/>
  <system-out/>
  <testcase name="verifytwo" time="0.011" classname="com.testing.moduleone.Mymoduleone"/>
  <system-out>
hellotwo  </system-out>
  <testcase name="verification" time="0.038" classname="com.testing.moduleone.Mymoduleone"/>
  <system-out>
hello  </system-out>
  <testcase name="verifyfour" time="2.173" classname="com.testing.moduleone.Mymoduleone"/>
  <system-out/>
</testsuite> <!-- com.testing.moduleone.Mymoduleone -->
