<?xml version="1.0" encoding="UTF-8"?>
<!-- Generated by org.testng.reporters.JUnitReportReporter -->
<testsuite skipped="0" hostname="DESKTOP-3JEN6LT" name="com.testing.moduleone.Mymoduleone" tests="4" failures="0" timestamp="2021-05-17T17:37:55 IST" time="1.056" errors="0">
  <testcase name="verifyfour" time="1.034" classname="com.testing.moduleone.Mymoduleone"/>
  <system-out/>
  <testcase name="verifytwo" time="0.013" classname="com.testing.moduleone.Mymoduleone"/>
  <system-out>
hellotwo  </system-out>
  <testcase name="verifysix" time="0.001" classname="com.testing.moduleone.Mymoduleone"/>
  <system-out/>
  <testcase name="verification" time="0.008" classname="com.testing.moduleone.Mymoduleone"/>
  <system-out>
hello  </system-out>
</testsuite> <!-- com.testing.moduleone.Mymoduleone -->
